  simple_ggpo_app.cpp
  Generating code
  1 of 283 functions ( 0.4%) were compiled, the rest were copied from previous compilation.
    0 functions were new in current compilation
    1 functions had inline decision re-evaluated but remain unchanged
  Finished generating code
ggpo.lib(main.obj) : warning LNK4099: PDB 'GGPO.pdb' was not found with 'ggpo.lib(main.obj)' or at 'D:\swos\01_dev\00_amiga_mode\02_research\01_code_converter_v2\set-191111-v\vanilla5\ggpo\ggpo-master\src\apps\simple_ggpo_app\Release\GGPO.pdb'; linking object as if no debug info
ggpo.lib(synctest.obj) : warning LNK4099: PDB 'GGPO.pdb' was not found with 'ggpo.lib(synctest.obj)' or at 'D:\swos\01_dev\00_amiga_mode\02_research\01_code_converter_v2\set-191111-v\vanilla5\ggpo\ggpo-master\src\apps\simple_ggpo_app\Release\GGPO.pdb'; linking object as if no debug info
ggpo.lib(spectator.obj) : warning LNK4099: PDB 'GGPO.pdb' was not found with 'ggpo.lib(spectator.obj)' or at 'D:\swos\01_dev\00_amiga_mode\02_research\01_code_converter_v2\set-191111-v\vanilla5\ggpo\ggpo-master\src\apps\simple_ggpo_app\Release\GGPO.pdb'; linking object as if no debug info
ggpo.lib(p2p.obj) : warning LNK4099: PDB 'GGPO.pdb' was not found with 'ggpo.lib(p2p.obj)' or at 'D:\swos\01_dev\00_amiga_mode\02_research\01_code_converter_v2\set-191111-v\vanilla5\ggpo\ggpo-master\src\apps\simple_ggpo_app\Release\GGPO.pdb'; linking object as if no debug info
ggpo.lib(log.obj) : warning LNK4099: PDB 'GGPO.pdb' was not found with 'ggpo.lib(log.obj)' or at 'D:\swos\01_dev\00_amiga_mode\02_research\01_code_converter_v2\set-191111-v\vanilla5\ggpo\ggpo-master\src\apps\simple_ggpo_app\Release\GGPO.pdb'; linking object as if no debug info
ggpo.lib(sync.obj) : warning LNK4099: PDB 'GGPO.pdb' was not found with 'ggpo.lib(sync.obj)' or at 'D:\swos\01_dev\00_amiga_mode\02_research\01_code_converter_v2\set-191111-v\vanilla5\ggpo\ggpo-master\src\apps\simple_ggpo_app\Release\GGPO.pdb'; linking object as if no debug info
ggpo.lib(poll.obj) : warning LNK4099: PDB 'GGPO.pdb' was not found with 'ggpo.lib(poll.obj)' or at 'D:\swos\01_dev\00_amiga_mode\02_research\01_code_converter_v2\set-191111-v\vanilla5\ggpo\ggpo-master\src\apps\simple_ggpo_app\Release\GGPO.pdb'; linking object as if no debug info
ggpo.lib(udp_proto.obj) : warning LNK4099: PDB 'GGPO.pdb' was not found with 'ggpo.lib(udp_proto.obj)' or at 'D:\swos\01_dev\00_amiga_mode\02_research\01_code_converter_v2\set-191111-v\vanilla5\ggpo\ggpo-master\src\apps\simple_ggpo_app\Release\GGPO.pdb'; linking object as if no debug info
ggpo.lib(udp.obj) : warning LNK4099: PDB 'GGPO.pdb' was not found with 'ggpo.lib(udp.obj)' or at 'D:\swos\01_dev\00_amiga_mode\02_research\01_code_converter_v2\set-191111-v\vanilla5\ggpo\ggpo-master\src\apps\simple_ggpo_app\Release\GGPO.pdb'; linking object as if no debug info
ggpo.lib(game_input.obj) : warning LNK4099: PDB 'GGPO.pdb' was not found with 'ggpo.lib(game_input.obj)' or at 'D:\swos\01_dev\00_amiga_mode\02_research\01_code_converter_v2\set-191111-v\vanilla5\ggpo\ggpo-master\src\apps\simple_ggpo_app\Release\GGPO.pdb'; linking object as if no debug info
ggpo.lib(platform_windows.obj) : warning LNK4099: PDB 'GGPO.pdb' was not found with 'ggpo.lib(platform_windows.obj)' or at 'D:\swos\01_dev\00_amiga_mode\02_research\01_code_converter_v2\set-191111-v\vanilla5\ggpo\ggpo-master\src\apps\simple_ggpo_app\Release\GGPO.pdb'; linking object as if no debug info
ggpo.lib(input_queue.obj) : warning LNK4099: PDB 'GGPO.pdb' was not found with 'ggpo.lib(input_queue.obj)' or at 'D:\swos\01_dev\00_amiga_mode\02_research\01_code_converter_v2\set-191111-v\vanilla5\ggpo\ggpo-master\src\apps\simple_ggpo_app\Release\GGPO.pdb'; linking object as if no debug info
ggpo.lib(bitvector.obj) : warning LNK4099: PDB 'GGPO.pdb' was not found with 'ggpo.lib(bitvector.obj)' or at 'D:\swos\01_dev\00_amiga_mode\02_research\01_code_converter_v2\set-191111-v\vanilla5\ggpo\ggpo-master\src\apps\simple_ggpo_app\Release\GGPO.pdb'; linking object as if no debug info
ggpo.lib(timesync.obj) : warning LNK4099: PDB 'GGPO.pdb' was not found with 'ggpo.lib(timesync.obj)' or at 'D:\swos\01_dev\00_amiga_mode\02_research\01_code_converter_v2\set-191111-v\vanilla5\ggpo\ggpo-master\src\apps\simple_ggpo_app\Release\GGPO.pdb'; linking object as if no debug info
  simple_ggpo_app.vcxproj -> D:\swos\01_dev\00_amiga_mode\02_research\01_code_converter_v2\set-191111-v\vanilla5\ggpo\ggpo-master\src\apps\simple_ggpo_app\Release\simple_ggpo_app.exe
  simple_ggpo_app.vcxproj -> D:\swos\01_dev\00_amiga_mode\02_research\01_code_converter_v2\set-191111-v\vanilla5\ggpo\ggpo-master\src\apps\simple_ggpo_app\Release\simple_ggpo_app.pdb (Full PDB)
